<?xml version="1.0" encoding="UTF-8"?><testsuite errors="0" failures="0" name="tests.LoginPageTests" skipped="0" tests="3" time="22.7" timestamp="2024-04-12 01:16:34"><testcase classname="tests.LoginPageTests" name="verify if the user can sign out successfully"/><testcase classname="tests.LoginPageTests" name="verify if &lt;b&gt; &lt;i&gt; Invalid username or password. Signon failed.  &lt;/i&gt; &lt;/b&gt; is displayed for invalid credentials "/><testcase classname="tests.LoginPageTests" name="verify if a user can login successfully into the store with valid credential"/></testsuite>