<?xml version="1.0" encoding="UTF-8"?><testsuite errors="0" failures="0" name="tests.LoginPageTests" skipped="0" tests="3" time="22.24" timestamp="2024-04-08 02:56:06"><testcase classname="tests.LoginPageTests" name="verify if the user can sign out successfully"/><testcase classname="tests.LoginPageTests" name="verify if &lt;b&gt;  Invalid username or password. Signon failed. &lt;/b&gt; is displayed for invalid credentials "/><testcase classname="tests.LoginPageTests" name="verify if a user can login successfully into the store with valid credential"/></testsuite>